TN:
SF:/Volumes/Robert/Github/react-hover/src/ReactHover.js
FN:3,(anonymous_1)
FN:3,defineProperties
FN:3,(anonymous_3)
FN:21,_interopRequireDefault
FN:23,_classCallCheck
FN:25,_possibleConstructorReturn
FN:27,_inherits
FN:29,(anonymous_8)
FN:32,ReactHover
FN:45,render
FN:66,setVisibility
FN:83,getCursorPos
FNF:12
FNH:11
FNDA:1,(anonymous_1)
FNDA:1,defineProperties
FNDA:1,(anonymous_3)
FNDA:3,_interopRequireDefault
FNDA:0,_classCallCheck
FNDA:0,_possibleConstructorReturn
FNDA:1,_inherits
FNDA:1,(anonymous_8)
FNDA:0,ReactHover
FNDA:0,render
FNDA:0,setVisibility
FNDA:0,getCursorPos
DA:0,3
DA:5,1
DA:12,1
DA:15,0
DA:23,0
DA:41,0
DA:42,0
DA:43,0
DA:44,0
DA:46,0
DA:48,0
DA:49,0
DA:55,0
DA:56,0
DA:60,0
DA:62,0
DA:63,0
DA:66,0
DA:67,0
DA:68,0
DA:70,0
LF:21
LH:3
BRDA:3,1,0,3
BRDA:3,1,1,3
BRDA:3,2,0,3
BRDA:3,2,1,0
BRDA:3,3,0,1
BRDA:3,3,1,0
BRDA:3,4,0,0
BRDA:3,4,1,1
BRDA:21,5,0,2
BRDA:21,5,1,1
BRDA:21,6,0,3
BRDA:21,6,1,3
BRDA:23,7,0,0
BRDA:23,7,1,0
BRDA:25,8,0,0
BRDA:25,8,1,0
BRDA:25,9,0,0
BRDA:25,9,1,0
BRDA:25,10,0,0
BRDA:25,10,1,0
BRDA:25,10,2,0
BRDA:27,11,0,0
BRDA:27,11,1,1
BRDA:27,12,0,1
BRDA:27,12,1,0
BRDA:27,13,0,1
BRDA:27,13,1,1
BRDA:27,14,0,1
BRDA:27,14,1,0
BRDA:27,15,0,1
BRDA:27,15,1,0
BRDA:71,16,0,0
BRDA:71,16,1,0
BRDA:95,17,0,0
BRDA:95,17,1,0
BRF:35
BRH:31
end_of_record
TN:
SF:/Volumes/Robert/Github/react-hover/src/lib/HoverComponent.js
FN:3,(anonymous_1)
FN:3,defineProperties
FN:3,(anonymous_3)
FN:13,_interopRequireDefault
FN:15,_classCallCheck
FN:17,_possibleConstructorReturn
FN:19,_inherits
FN:21,(anonymous_8)
FN:24,HoverComponent
FN:32,render
FNF:10
FNH:9
FNDA:1,(anonymous_1)
FNDA:1,defineProperties
FNDA:1,(anonymous_3)
FNDA:1,_interopRequireDefault
FNDA:0,_classCallCheck
FNDA:0,_possibleConstructorReturn
FNDA:1,_inherits
FNDA:1,(anonymous_8)
FNDA:0,HoverComponent
FNDA:0,render
DA:0,1
DA:3,1
DA:9,1
DA:16,0
LF:4
LH:3
BRDA:3,1,0,1
BRDA:3,1,1,1
BRDA:3,2,0,1
BRDA:3,2,1,0
BRDA:3,3,0,1
BRDA:3,3,1,0
BRDA:3,4,0,0
BRDA:3,4,1,1
BRDA:13,5,0,0
BRDA:13,5,1,1
BRDA:13,6,0,1
BRDA:13,6,1,1
BRDA:15,7,0,0
BRDA:15,7,1,0
BRDA:17,8,0,0
BRDA:17,8,1,0
BRDA:17,9,0,0
BRDA:17,9,1,0
BRDA:17,10,0,0
BRDA:17,10,1,0
BRDA:17,10,2,0
BRDA:19,11,0,0
BRDA:19,11,1,1
BRDA:19,12,0,1
BRDA:19,12,1,0
BRDA:19,13,0,1
BRDA:19,13,1,1
BRDA:19,14,0,1
BRDA:19,14,1,0
BRDA:19,15,0,1
BRDA:19,15,1,0
BRF:31
BRH:31
end_of_record
TN:
SF:/Volumes/Robert/Github/react-hover/src/lib/TriggerComponent.js
FN:3,(anonymous_1)
FN:3,defineProperties
FN:3,(anonymous_3)
FN:13,_interopRequireDefault
FN:15,_classCallCheck
FN:17,_possibleConstructorReturn
FN:19,_inherits
FN:21,(anonymous_8)
FN:24,TriggerComponent
FN:32,render
FN:47,onMouseOver
FN:54,onMouseOut
FN:61,onMouseMove
FNF:13
FNH:12
FNDA:1,(anonymous_1)
FNDA:1,defineProperties
FNDA:1,(anonymous_3)
FNDA:1,_interopRequireDefault
FNDA:0,_classCallCheck
FNDA:0,_possibleConstructorReturn
FNDA:1,_inherits
FNDA:1,(anonymous_8)
FNDA:0,TriggerComponent
FNDA:0,render
FNDA:0,onMouseOver
FNDA:0,onMouseOut
FNDA:0,onMouseMove
DA:0,4
DA:3,1
DA:11,1
DA:18,0
DA:32,0
DA:37,0
DA:42,0
LF:7
LH:3
BRDA:3,1,0,4
BRDA:3,1,1,4
BRDA:3,2,0,4
BRDA:3,2,1,0
BRDA:3,3,0,1
BRDA:3,3,1,0
BRDA:3,4,0,0
BRDA:3,4,1,1
BRDA:13,5,0,0
BRDA:13,5,1,1
BRDA:13,6,0,1
BRDA:13,6,1,1
BRDA:15,7,0,0
BRDA:15,7,1,0
BRDA:17,8,0,0
BRDA:17,8,1,0
BRDA:17,9,0,0
BRDA:17,9,1,0
BRDA:17,10,0,0
BRDA:17,10,1,0
BRDA:17,10,2,0
BRDA:19,11,0,0
BRDA:19,11,1,1
BRDA:19,12,0,1
BRDA:19,12,1,0
BRDA:19,13,0,1
BRDA:19,13,1,1
BRDA:19,14,0,1
BRDA:19,14,1,0
BRDA:19,15,0,1
BRDA:19,15,1,0
BRF:31
BRH:31
end_of_record
